 _ _ _ _ _ _
|_ _  |_ _  |
|_    |_    |
|_ _|_  | |_|
|  _     _| |
|_ _|_|  _  |
|_ _ _ _ _|_|
(path:F: E E S W W E S W E N E S E S W W W S E W N E E S N E S S W W W E E E E E)
(path:T: E E S S E S S E E S)
(path:N: S S N W S S W S E E N S S)
(path:U: E E E E E)
(turn:0)
(map:35)
(doorman:closed:4:(Acido,1)(Anillo,11)(Antorcha,5)(Armadura,13)(Baston,22)(Bola,3)(CadenaFuego,11)(CampoEnergia,5)(CampoMagnetico,5)(Capa,10)(Cetro,20)(Escudo,3)(Espada,11)(Flecha,12)(Garra,22)(Gema,4))
 _ _ _ _ _ _
|_ 2  |_ _  |
|_    |_   N|
|_ _|_  | |_|
|  _     _| |
|_ _|_|  _  |
|_ U _ _ _ _|
(square:0:(Mjolnir,29)(Garra,27)(Red,25)(Armadura,3)(Anillo,1))
(square:1:(LazoVerdad,9)(Lawgiver,7)(Escudo,5))
(square:2:(CadenaFuego,19)(Flecha,17)(Antorcha,15)(Tridente,13)(Capa,11))
(square:8:(Baston,28)(MazaOro,26)(Tentaculo,24)(CampoMagnetico,4)(Latigo,2))
(square:14:(Cetro,22)(Laser,20)(Bola,10)(RayoEnergia,8)(CampoEnergia,6))
(square:15:(Nullifier,23)(Espada,18)(Acido,16)(Gema,14)(Sable,12))
(square:21:(Anillo,29)(Armadura,27)(Red,5)(Garra,3)(Mjolnir,1))
(square:27:(Escudo,25)(Lawgiver,23)(LazoVerdad,21)(GuanteInfinito,9)(Lucille,7))
(square:28:(Latigo,26)(CampoMagnetico,24)(Baston,15)(Tentaculo,4)(MazaOro,2))
(square:29:(CampoEnergia,22)(RayoEnergia,20)(Bola,18)(Laser,8)(Cetro,6))
(square:33:(Sable,16)(Acido,12)(Espada,10)(Nullifier,3)(Gema,1))
(square:35:(Antorcha,28)(Capa,19)(Tridente,17)(Flecha,13)(CadenaFuego,11))
(shextrasensorial:F:1:0:(Lucille,23))
(shphysical:T:1:0:(GuanteInfinito,21))
(villain:N:11:0:)
(shflight:U:31:0:)
(turn:1)
(map:35)
(doorman:closed:4:(Acido,1)(Anillo,11)(Antorcha,5)(Armadura,13)(Baston,22)(Bola,3)(CadenaFuego,11)(CampoEnergia,5)(CampoMagnetico,5)(Capa,10)(Cetro,20)(Escudo,3)(Espada,11)(Flecha,12)(Garra,22)(Gema,4))
 _ _ _ _ _ _
|_ _ 2|_ _  |
|_    |_    |
|_ _|_  | |N|
|  _     _| |
|_ _|_|  _  |
|_ _ U _ _ _|
(square:0:(Mjolnir,29)(Garra,27)(Red,25)(Armadura,3)(Anillo,1))
(square:1:(LazoVerdad,9)(Lawgiver,7)(Escudo,5))
(square:2:(Antorcha,15)(Tridente,13)(Capa,11))
(square:8:(Baston,28)(MazaOro,26)(Tentaculo,24)(CampoMagnetico,4)(Latigo,2))
(square:14:(Cetro,22)(Laser,20)(Bola,10)(RayoEnergia,8)(CampoEnergia,6))
(square:15:(Nullifier,23)(Espada,18)(Acido,16)(Gema,14)(Sable,12))
(square:21:(Anillo,29)(Armadura,27)(Red,5)(Garra,3)(Mjolnir,1))
(square:27:(Escudo,25)(Lawgiver,23)(LazoVerdad,21)(GuanteInfinito,9)(Lucille,7))
(square:28:(Latigo,26)(CampoMagnetico,24)(Baston,15)(Tentaculo,4)(MazaOro,2))
(square:29:(CampoEnergia,22)(RayoEnergia,20)(Bola,18)(Laser,8)(Cetro,6))
(square:33:(Sable,16)(Acido,12)(Espada,10)(Nullifier,3)(Gema,1))
(square:35:(Antorcha,28)(Capa,19)(Tridente,17)(Flecha,13)(CadenaFuego,11))
(shextrasensorial:F:2:1:(CadenaFuego,19)(Lucille,23))
(shphysical:T:2:1:(Flecha,17)(GuanteInfinito,21))
(villain:N:17:1:)
(shflight:U:32:1:)
(turn:2)
(map:35)
(doorman:closed:4:(Acido,1)(Anillo,11)(Antorcha,5)(Armadura,13)(Baston,22)(Bola,3)(CadenaFuego,11)(CampoEnergia,5)(CampoMagnetico,5)(Capa,10)(Cetro,20)(Escudo,3)(Espada,11)(Flecha,12)(Garra,22)(Gema,4))
 _ _ _ _ _ _
|_ _  |_ _  |
|_   2|_   N|
|_ _|_  | |_|
|  _     _| |
|_ _|_|  _  |
|_ _ _ U _ _|
(square:0:(Mjolnir,29)(Garra,27)(Red,25)(Armadura,3)(Anillo,1))
(square:1:(LazoVerdad,9)(Lawgiver,7)(Escudo,5))
(square:2:(Antorcha,15)(Tridente,13)(Capa,11))
(square:8:(Tentaculo,24)(CampoMagnetico,4)(Latigo,2))
(square:14:(Cetro,22)(Laser,20)(Bola,10)(RayoEnergia,8)(CampoEnergia,6))
(square:15:(Nullifier,23)(Espada,18)(Acido,16)(Gema,14)(Sable,12))
(square:21:(Anillo,29)(Armadura,27)(Red,5)(Garra,3)(Mjolnir,1))
(square:27:(Escudo,25)(Lawgiver,23)(LazoVerdad,21)(GuanteInfinito,9)(Lucille,7))
(square:28:(Latigo,26)(CampoMagnetico,24)(Baston,15)(Tentaculo,4)(MazaOro,2))
(square:29:(CampoEnergia,22)(RayoEnergia,20)(Bola,18)(Laser,8)(Cetro,6))
(square:33:(Acido,12)(Espada,10)(Nullifier,3)(Gema,1))
(square:35:(Antorcha,28)(Capa,19)(Tridente,17)(Flecha,13)(CadenaFuego,11))
(shextrasensorial:F:8:2:(Baston,28)(CadenaFuego,19)(Lucille,23))
(shphysical:T:8:2:(Flecha,17)(GuanteInfinito,21)(MazaOro,26))
(villain:N:11:2:)
(shflight:U:33:2:(Sable,16))
(turn:3)
(map:35)
(doorman:closed:4:(Acido,1)(Anillo,11)(Antorcha,5)(Armadura,13)(Baston,22)(Bola,3)(CadenaFuego,11)(CampoEnergia,5)(CampoMagnetico,5)(Capa,10)(Cetro,20)(Escudo,3)(Espada,11)(Flecha,12)(Garra,22)(Gema,4))
 _ _ _ _ _ _
|_ _  |_ _  |
|_ F  |_ N  |
|_ _|T  | |_|
|  _     _| |
|_ _|_|  _  |
|_ _ _ _ U _|
(square:0:(Mjolnir,29)(Garra,27)(Red,25)(Armadura,3)(Anillo,1))
(square:1:(LazoVerdad,9)(Lawgiver,7)(Escudo,5))
(square:2:(Antorcha,15)(Tridente,13)(Capa,11))
(square:8:(Tentaculo,24)(CampoMagnetico,4)(Latigo,2))
(square:14:(Laser,20)(Bola,10)(RayoEnergia,8)(CampoEnergia,6))
(square:15:(Nullifier,23)(Espada,18)(Acido,16)(Gema,14)(Sable,12))
(square:21:(Anillo,29)(Armadura,27)(Red,5)(Garra,3)(Mjolnir,1))
(square:27:(Escudo,25)(Lawgiver,23)(LazoVerdad,21)(GuanteInfinito,9)(Lucille,7))
(square:28:(Latigo,26)(CampoMagnetico,24)(Baston,15)(Tentaculo,4)(MazaOro,2))
(square:29:(CampoEnergia,22)(RayoEnergia,20)(Bola,18)(Laser,8)(Cetro,6))
(square:33:(Acido,12)(Espada,10)(Nullifier,3)(Gema,1))
(square:35:(Antorcha,28)(Capa,19)(Tridente,17)(Flecha,13)(CadenaFuego,11))
(shextrasensorial:F:7:3:(Baston,28)(CadenaFuego,19)(Lucille,23))
(villain:N:10:3:)
(shphysical:T:14:3:(Cetro,22)(Flecha,17)(GuanteInfinito,21)(MazaOro,26))
(shflight:U:34:3:(Sable,16))
(turn:4)
(map:35)
(doorman:closed:4:(Acido,1)(Anillo,11)(Antorcha,5)(Armadura,13)(Baston,22)(Bola,3)(CadenaFuego,11)(CampoEnergia,5)(CampoMagnetico,5)(Capa,10)(Cetro,20)(Escudo,3)(Espada,11)(Flecha,12)(Garra,22)(Gema,4))
 _ _ _ _ _ _
|_ _  |_ _  |
|F    |_    |
|_ _|_ T|N|_|
|  _     _| |
|_ _|_|  _  |
|_ _ _ _ _ U|
(square:0:(Mjolnir,29)(Garra,27)(Red,25)(Armadura,3)(Anillo,1))
(square:1:(LazoVerdad,9)(Lawgiver,7)(Escudo,5))
(square:2:(Antorcha,15)(Tridente,13)(Capa,11))
(square:8:(Tentaculo,24)(CampoMagnetico,4)(Latigo,2))
(square:14:(Laser,20)(Bola,10)(RayoEnergia,8)(CampoEnergia,6))
(square:15:(Espada,18)(Acido,16)(Gema,14)(Sable,12))
(square:21:(Anillo,29)(Armadura,27)(Red,5)(Garra,3)(Mjolnir,1))
(square:27:(Escudo,25)(Lawgiver,23)(LazoVerdad,21)(GuanteInfinito,9)(Lucille,7))
(square:28:(Latigo,26)(CampoMagnetico,24)(Baston,15)(Tentaculo,4)(MazaOro,2))
(square:29:(CampoEnergia,22)(RayoEnergia,20)(Bola,18)(Laser,8)(Cetro,6))
(square:33:(Acido,12)(Espada,10)(Nullifier,3)(Gema,1))
(square:35:(Capa,19)(Tridente,17)(Flecha,13)(CadenaFuego,11))
(shextrasensorial:F:6:4:(Baston,28)(CadenaFuego,19)(Lucille,23))
(shphysical:T:15:4:(Cetro,22)(Flecha,17)(GuanteInfinito,21)(MazaOro,26)(Nullifier,23))
(villain:N:16:4:)
(shflight:U:35:4:(Antorcha,28)(Sable,16))
(turn:5)
(map:35)
(doorman:closed:4:(Acido,1)(Anillo,11)(Armadura,13)(Baston,22)(Bola,3)(CadenaFuego,11)(CampoEnergia,5)(CampoMagnetico,5)(Capa,10)(Cetro,20)(Escudo,3)(Espada,11)(Flecha,12)(Garra,22)(Gema,4))
 _ _ _ _ _ _
|_ _  |_ _  |
|_ F  |_    |
|_ _|_  | |_|
|  _   T N| |
|_ _|_|  _  |
|_ _ _ _ _ U|
(square:0:(Mjolnir,29)(Garra,27)(Red,25)(Armadura,3)(Anillo,1))
(square:1:(LazoVerdad,9)(Lawgiver,7)(Escudo,5))
(square:2:(Antorcha,15)(Tridente,13)(Capa,11))
(square:8:(Tentaculo,24)(CampoMagnetico,4)(Latigo,2))
(square:14:(Laser,20)(Bola,10)(RayoEnergia,8)(CampoEnergia,6))
(square:15:(Espada,18)(Acido,16)(Gema,14)(Sable,12))
(square:21:(Armadura,27)(Red,5)(Garra,3)(Mjolnir,1))
(square:27:(Escudo,25)(Lawgiver,23)(LazoVerdad,21)(GuanteInfinito,9)(Lucille,7))
(square:28:(Latigo,26)(CampoMagnetico,24)(Baston,15)(Tentaculo,4)(MazaOro,2))
(square:29:(CampoEnergia,22)(RayoEnergia,20)(Bola,18)(Laser,8)(Cetro,6))
(square:33:(Acido,12)(Espada,10)(Nullifier,3)(Gema,1))
(square:35:(Tridente,17)(Flecha,13)(CadenaFuego,11))
(shextrasensorial:F:7:5:(Baston,28)(CadenaFuego,19)(Lucille,23))
(shphysical:T:21:5:(Anillo,29)(Cetro,22)(Flecha,17)(GuanteInfinito,21)(MazaOro,26)(Nullifier,23))
(villain:N:22:5:)
(shflight:U:35:5:(Capa,19)(Sable,16))
(turn:6)
(map:35)
(doorman:closed:4:(Acido,1)(Anillo,11)(Armadura,13)(Baston,22)(Bola,3)(CadenaFuego,11)(CampoEnergia,5)(CampoMagnetico,5)(Cetro,20)(Escudo,3)(Espada,11)(Flecha,12)(Garra,22)(Gema,4))
 _ _ _ _ _ _
|_ _  |_ _  |
|_    |_    |
|_ F|_  | |_|
|  _   N _| |
|_ _|_|T _  |
|_ _ _ _ _ U|
(square:0:(Mjolnir,29)(Garra,27)(Red,25)(Armadura,3)(Anillo,1))
(square:1:(LazoVerdad,9)(Lawgiver,7)(Escudo,5))
(square:2:(Antorcha,15)(Tridente,13)(Capa,11))
(square:8:(Tentaculo,24)(CampoMagnetico,4)(Latigo,2))
(square:14:(Laser,20)(Bola,10)(RayoEnergia,8)(CampoEnergia,6))
(square:15:(Espada,18)(Acido,16)(Gema,14)(Sable,12))
(square:21:(Red,5)(Garra,3)(Mjolnir,1))
(square:27:(Lawgiver,23)(LazoVerdad,21)(GuanteInfinito,9)(Lucille,7))
(square:28:(Latigo,26)(CampoMagnetico,24)(Baston,15)(Tentaculo,4)(MazaOro,2))
(square:29:(CampoEnergia,22)(RayoEnergia,20)(Bola,18)(Laser,8)(Cetro,6))
(square:33:(Acido,12)(Espada,10)(Nullifier,3)(Gema,1))
(square:35:(Flecha,13)(CadenaFuego,11))
(shextrasensorial:F:13:6:(Baston,28)(CadenaFuego,19)(Lucille,23))
(villain:N:21:6:(Armadura,27))
(shphysical:T:27:6:(Anillo,29)(Cetro,22)(Escudo,25)(Flecha,17)(GuanteInfinito,21)(MazaOro,26)(Nullifier,23))
(shflight:U:35:6:(Sable,16)(Tridente,17))
(turn:7)
(map:35)
(doorman:closed:4:(Acido,1)(Anillo,11)(Armadura,13)(Baston,22)(Bola,3)(CadenaFuego,11)(CampoEnergia,5)(CampoMagnetico,5)(Cetro,20)(Escudo,3)(Espada,11)(Flecha,12)(Garra,22)(Gema,4))
 _ _ _ _ _ _
|_ _  |_ _  |
|_    |_    |
|F _|_  | |_|
|  _     _| |
|_ _|_|N T  |
|_ _ _ _ _ U|
(square:0:(Mjolnir,29)(Garra,27)(Red,25)(Armadura,3)(Anillo,1))
(square:1:(LazoVerdad,9)(Lawgiver,7)(Escudo,5))
(square:2:(Antorcha,15)(Tridente,13)(Capa,11))
(square:8:(Tentaculo,24)(CampoMagnetico,4)(Latigo,2))
(square:14:(Laser,20)(Bola,10)(RayoEnergia,8)(CampoEnergia,6))
(square:15:(Espada,18)(Acido,16)(Gema,14)(Sable,12))
(square:21:(Red,5)(Garra,3)(Mjolnir,1))
(square:27:(Lawgiver,23)(LazoVerdad,21)(GuanteInfinito,9)(Lucille,7))
(square:28:(CampoMagnetico,24)(Baston,15)(Tentaculo,4)(MazaOro,2))
(square:29:(CampoEnergia,22)(RayoEnergia,20)(Bola,18)(Laser,8)(Cetro,6))
(square:33:(Acido,12)(Espada,10)(Nullifier,3)(Gema,1))
(square:35:(CadenaFuego,11))
(shextrasensorial:F:12:7:(Baston,28)(CadenaFuego,19)(Lucille,23))
(villain:N:27:7:(Armadura,27))
(shphysical:T:28:7:(Anillo,29)(Cetro,22)(Escudo,25)(Flecha,17)(GuanteInfinito,21)(Latigo,26)(MazaOro,26)(Nullifier,23))
(shflight:U:35:7:(Flecha,13)(Sable,16))
(turn:8)
(map:35)
(doorman:closed:4:(Acido,1)(Anillo,11)(Armadura,13)(Baston,22)(Bola,3)(CadenaFuego,11)(CampoEnergia,5)(CampoMagnetico,5)(Cetro,20)(Escudo,3)(Espada,11)(Flecha,12)(Garra,22)(Gema,4))
 _ _ _ _ _ _
|_ _  |_ _  |
|_    |_    |
|_ F|_  | |_|
|  _     _| |
|_ _|_|  N T|
|_ _ _ _ _ U|
(square:0:(Mjolnir,29)(Garra,27)(Red,25)(Armadura,3)(Anillo,1))
(square:1:(LazoVerdad,9)(Lawgiver,7)(Escudo,5))
(square:2:(Antorcha,15)(Tridente,13)(Capa,11))
(square:8:(Tentaculo,24)(CampoMagnetico,4)(Latigo,2))
(square:14:(Laser,20)(Bola,10)(RayoEnergia,8)(CampoEnergia,6))
(square:15:(Espada,18)(Acido,16)(Gema,14)(Sable,12))
(square:21:(Red,5)(Garra,3)(Mjolnir,1))
(square:27:(Lawgiver,23)(LazoVerdad,21)(GuanteInfinito,9)(Lucille,7))
(square:28:(CampoMagnetico,24)(Baston,15)(Tentaculo,4)(MazaOro,2))
(square:29:(RayoEnergia,20)(Bola,18)(Laser,8)(Cetro,6))
(square:33:(Acido,12)(Espada,10)(Nullifier,3)(Gema,1))
(shextrasensorial:F:13:8:(Baston,28)(CadenaFuego,19)(Lucille,23))
(villain:N:28:8:(Armadura,27))
(shphysical:T:29:8:(Anillo,29)(CampoEnergia,22)(Cetro,22)(Escudo,25)(Flecha,17)(GuanteInfinito,21)(Latigo,26)(MazaOro,26)(Nullifier,23))
(shflight:U:35:8:(CadenaFuego,11)(Flecha,13))
(turn:9)
(map:35)
(doorman:closed:4:(Acido,1)(Anillo,11)(Armadura,13)(Baston,22)(Bola,3)(CadenaFuego,11)(CampoEnergia,5)(CampoMagnetico,5)(Cetro,20)(Escudo,3)(Espada,11)(Garra,22)(Gema,4))
 _ _ _ _ _ _
|_ _  |_ _  |
|_ F  |_    |
|_ _|_  | |_|
|  _     _| |
|_ _|_|  _ N|
|_ _ _ _ _ 2|
(square:0:(Mjolnir,29)(Garra,27)(Red,25)(Armadura,3)(Anillo,1))
(square:1:(LazoVerdad,9)(Lawgiver,7)(Escudo,5))
(square:2:(Antorcha,15)(Tridente,13)(Capa,11))
(square:8:(Tentaculo,24)(CampoMagnetico,4)(Latigo,2))
(square:14:(Laser,20)(Bola,10)(RayoEnergia,8)(CampoEnergia,6))
(square:15:(Espada,18)(Acido,16)(Gema,14)(Sable,12))
(square:21:(Red,5)(Garra,3)(Mjolnir,1))
(square:27:(Lawgiver,23)(LazoVerdad,21)(GuanteInfinito,9)(Lucille,7))
(square:28:(CampoMagnetico,24)(Baston,15)(Tentaculo,4)(MazaOro,2))
(square:29:(RayoEnergia,20)(Bola,18)(Laser,8)(Cetro,6))
(square:33:(Acido,12)(Espada,10)(Nullifier,3)(Gema,1))
(shextrasensorial:F:7:9:(Baston,28)(CadenaFuego,19)(Lucille,23))
(villain:N:29:9:(Armadura,27))
(shflight:U:35:9:(CadenaFuego,11))
(shphysical:T:35:9:(Anillo,29)(CampoEnergia,22)(Cetro,22)(Escudo,25)(Flecha,17)(GuanteInfinito,21)(Latigo,26)(MazaOro,26)(Nullifier,23))
(turn:10)
(map:35)
(doorman:closed:4:(Acido,1)(Armadura,13)(Baston,22)(Bola,3)(CadenaFuego,11)(CampoEnergia,5)(CampoMagnetico,5)(Cetro,20)(Escudo,3)(Espada,11)(Garra,22)(Gema,4))
 _ _ _ _ _ _
|_ _  |_ _  |
|_   F|_    |
|_ _|_  | |_|
|  _     _|N|
|_ _|_|  _  |
|_ _ _ _ _ 2|
(square:0:(Mjolnir,29)(Garra,27)(Red,25)(Armadura,3)(Anillo,1))
(square:1:(LazoVerdad,9)(Lawgiver,7)(Escudo,5))
(square:2:(Antorcha,15)(Tridente,13)(Capa,11))
(square:8:(CampoMagnetico,4)(Latigo,2))
(square:14:(Laser,20)(Bola,10)(RayoEnergia,8)(CampoEnergia,6))
(square:15:(Espada,18)(Acido,16)(Gema,14)(Sable,12))
(square:21:(Red,5)(Garra,3)(Mjolnir,1))
(square:27:(Lawgiver,23)(LazoVerdad,21)(GuanteInfinito,9)(Lucille,7))
(square:28:(CampoMagnetico,24)(Baston,15)(Tentaculo,4)(MazaOro,2))
(square:29:(RayoEnergia,20)(Bola,18)(Laser,8)(Cetro,6))
(square:33:(Acido,12)(Espada,10)(Nullifier,3)(Gema,1))
(shextrasensorial:F:8:10:(Baston,28)(CadenaFuego,19)(Lucille,23)(Tentaculo,24))
(villain:N:23:10:(Armadura,27))
(shflight:U:35:10:)
(shphysical:T:35:10:(CampoEnergia,22)(Cetro,22)(Escudo,25)(Flecha,17)(GuanteInfinito,21)(Latigo,26)(MazaOro,26)(Nullifier,23))
(turn:11)
(map:35)
(doorman:closed:4:(Acido,1)(Armadura,13)(Baston,22)(Bola,3)(CadenaFuego,11)(CampoEnergia,5)(CampoMagnetico,5)(Cetro,20)(Escudo,3)(Espada,11)(Garra,22)(Gema,4))
 _ _ _ _ _ _
|_ _  |_ _  |
|_    |_    |
|_ _|F  | |_|
|  _     _| |
|_ _|_|  _ N|
|_ _ _ _ _ 2|
(square:0:(Mjolnir,29)(Garra,27)(Red,25)(Armadura,3)(Anillo,1))
(square:1:(LazoVerdad,9)(Lawgiver,7)(Escudo,5))
(square:2:(Antorcha,15)(Tridente,13)(Capa,11))
(square:8:(CampoMagnetico,4)(Latigo,2))
(square:14:(Bola,10)(RayoEnergia,8)(CampoEnergia,6))
(square:15:(Espada,18)(Acido,16)(Gema,14)(Sable,12))
(square:21:(Red,5)(Garra,3)(Mjolnir,1))
(square:27:(Lawgiver,23)(LazoVerdad,21)(GuanteInfinito,9)(Lucille,7))
(square:28:(CampoMagnetico,24)(Baston,15)(Tentaculo,4)(MazaOro,2))
(square:29:(RayoEnergia,20)(Bola,18)(Laser,8)(Cetro,6))
(square:33:(Acido,12)(Espada,10)(Nullifier,3)(Gema,1))
(shextrasensorial:F:14:11:(Baston,28)(CadenaFuego,19)(Laser,20)(Lucille,23)(Tentaculo,24))
(villain:N:29:11:(Armadura,27))
(shflight:U:35:11:)
(shphysical:T:35:11:(CampoEnergia,22)(Cetro,22)(Escudo,25)(Flecha,17)(GuanteInfinito,21)(MazaOro,26)(Nullifier,23))
(turn:12)
(map:35)
(doorman:closed:4:(Acido,1)(Armadura,13)(Baston,22)(Bola,3)(CadenaFuego,11)(CampoEnergia,5)(CampoMagnetico,5)(Cetro,20)(Escudo,3)(Espada,11)(Garra,22)(Gema,4))
 _ _ _ _ _ _
|_ _  |_ _  |
|_    |_    |
|_ _|_ F| |_|
|  _     _| |
|_ _|_|  _  |
|_ _ _ _ _ 3|
(square:0:(Mjolnir,29)(Garra,27)(Red,25)(Armadura,3)(Anillo,1))
(square:1:(LazoVerdad,9)(Lawgiver,7)(Escudo,5))
(square:2:(Antorcha,15)(Tridente,13)(Capa,11))
(square:8:(CampoMagnetico,4)(Latigo,2))
(square:14:(Bola,10)(RayoEnergia,8)(CampoEnergia,6))
(square:15:(Acido,16)(Gema,14)(Sable,12))
(square:21:(Red,5)(Garra,3)(Mjolnir,1))
(square:27:(Lawgiver,23)(LazoVerdad,21)(GuanteInfinito,9)(Lucille,7))
(square:28:(CampoMagnetico,24)(Baston,15)(Tentaculo,4)(MazaOro,2))
(square:29:(RayoEnergia,20)(Bola,18)(Laser,8)(Cetro,6))
(square:33:(Acido,12)(Espada,10)(Nullifier,3)(Gema,1))
(shextrasensorial:F:15:12:(Baston,28)(CadenaFuego,19)(Espada,18)(Laser,20)(Lucille,23)(Tentaculo,24))
(shflight:U:35:12:)
(shphysical:T:35:12:(CampoEnergia,22)(Cetro,22)(Escudo,25)(Flecha,17)(GuanteInfinito,21)(Nullifier,23))
(villain:N:35:12:(Armadura,27))
(turn:13)
(map:35)
(doorman:closed:4:(Acido,1)(Armadura,13)(Bola,3)(CadenaFuego,11)(CampoEnergia,5)(CampoMagnetico,5)(Cetro,20)(Espada,11)(Garra,22)(Gema,4))
 _ _ _ _ _ _
|_ _  |_ _  |
|_    |_    |
|_ _|_  | |_|
|  _   F _| |
|_ _|_|  _  |
|_ _ _ _ _ 3|
(square:0:(Mjolnir,29)(Garra,27)(Red,25)(Armadura,3)(Anillo,1))
(square:1:(LazoVerdad,9)(Lawgiver,7)(Escudo,5))
(square:2:(Antorcha,15)(Tridente,13)(Capa,11))
(square:8:(CampoMagnetico,4)(Latigo,2))
(square:14:(Bola,10)(RayoEnergia,8)(CampoEnergia,6))
(square:15:(Acido,16)(Gema,14)(Sable,12))
(square:21:(Garra,3)(Mjolnir,1))
(square:27:(Lawgiver,23)(LazoVerdad,21)(GuanteInfinito,9)(Lucille,7))
(square:28:(CampoMagnetico,24)(Baston,15)(Tentaculo,4)(MazaOro,2))
(square:29:(RayoEnergia,20)(Bola,18)(Laser,8)(Cetro,6))
(square:33:(Acido,12)(Espada,10)(Nullifier,3)(Gema,1))
(shextrasensorial:F:21:13:(Baston,28)(CadenaFuego,19)(Espada,18)(Laser,20)(Lucille,23)(Red,5)(Tentaculo,24))
(shflight:U:35:13:)
(shphysical:T:35:13:(CampoEnergia,22)(Cetro,22)(Flecha,17)(GuanteInfinito,21)(Nullifier,23))
(villain:N:35:13:(Armadura,27))
(turn:14)
(map:35)
(doorman:closed:4:(Acido,1)(Armadura,13)(Bola,3)(CadenaFuego,11)(CampoEnergia,5)(CampoMagnetico,5)(Cetro,20)(Espada,11)(Gema,4))
 _ _ _ _ _ _
|_ _  |_ _  |
|_    |_    |
|_ _|_  | |_|
|  _ F   _| |
|_ _|_|  _  |
|_ _ _ _ _ 3|
(square:0:(Mjolnir,29)(Garra,27)(Red,25)(Armadura,3)(Anillo,1))
(square:1:(LazoVerdad,9)(Lawgiver,7)(Escudo,5))
(square:2:(Antorcha,15)(Tridente,13)(Capa,11))
(square:8:(CampoMagnetico,4)(Latigo,2))
(square:14:(Bola,10)(RayoEnergia,8)(CampoEnergia,6))
(square:15:(Acido,16)(Gema,14)(Sable,12))
(square:21:(Garra,3)(Mjolnir,1))
(square:27:(Lawgiver,23)(LazoVerdad,21)(GuanteInfinito,9)(Lucille,7))
(square:28:(CampoMagnetico,24)(Baston,15)(Tentaculo,4)(MazaOro,2))
(square:29:(RayoEnergia,20)(Bola,18)(Laser,8)(Cetro,6))
(square:33:(Acido,12)(Espada,10)(Nullifier,3)(Gema,1))
(shextrasensorial:F:20:14:(Baston,28)(CadenaFuego,19)(Espada,18)(Laser,20)(Lucille,23)(Red,5)(Tentaculo,24))
(shflight:U:35:14:)
(shphysical:T:35:14:(CampoEnergia,22)(Cetro,22)(Flecha,17)(GuanteInfinito,21))
(villain:N:35:14:(Armadura,27))
(turn:15)
(map:35)
(doorman:open:4:(Acido,1)(Armadura,13)(Bola,3)(CadenaFuego,11)(CampoMagnetico,5)(Espada,11)(Gema,4))
 _ _ _ _ _ _
|_ _  |_ _  |
|_    |_    |
|_ _|_  | |_|
|  F     _| |
|_ _|_|  _  |
|_ _ _ _ _ 2|
(square:0:(Mjolnir,29)(Garra,27)(Red,25)(Armadura,3)(Anillo,1))
(square:1:(LazoVerdad,9)(Lawgiver,7)(Escudo,5))
(square:2:(Antorcha,15)(Tridente,13)(Capa,11))
(square:8:(CampoMagnetico,4)(Latigo,2))
(square:14:(Bola,10)(RayoEnergia,8)(CampoEnergia,6))
(square:15:(Acido,16)(Gema,14)(Sable,12))
(square:21:(Garra,3)(Mjolnir,1))
(square:27:(Lawgiver,23)(LazoVerdad,21)(GuanteInfinito,9)(Lucille,7))
(square:28:(CampoMagnetico,24)(Baston,15)(Tentaculo,4)(MazaOro,2))
(square:29:(RayoEnergia,20)(Bola,18)(Laser,8)(Cetro,6))
(square:33:(Acido,12)(Espada,10)(Nullifier,3)(Gema,1))
(shextrasensorial:F:19:15:(Baston,28)(CadenaFuego,19)(Espada,18)(Laser,20)(Lucille,23)(Red,5)(Tentaculo,24))
(shflight:U:35:15:)
(shphysical:T:35:15:(Cetro,22)(Flecha,17)(GuanteInfinito,21))
(teseractomembers)
(owneroftheworld:villain:N:1111:15:(Armadura,27))
